<?xml version="1.0" encoding="UTF-8"?>
<!-- Generated by org.testng.reporters.JUnitReportReporter -->
<testsuite hostname="SreenivasMuthyalapati" failures="0" tests="1" name="test.BrokenImgs" time="34.357" errors="0" timestamp="2023-11-18T00:05:30 IST" skipped="0">
  <testcase classname="test.BrokenImgs" name="homepage" time="34.357"/>
  <system-out/>
</testsuite> <!-- test.BrokenImgs -->
