<?xml version="1.0" encoding="UTF-8"?>
<!-- Generated by org.testng.reporters.JUnitReportReporter -->
<testsuite hostname="SreenivasMuthyalapati" failures="0" tests="1" name="test.BrokenImgs" time="25.809" errors="0" timestamp="2023-11-17T00:33:59 IST" skipped="0">
  <testcase classname="test.BrokenImgs" name="l1" time="25.809"/>
  <system-out/>
</testsuite> <!-- test.BrokenImgs -->
